<?xml version="1.0" encoding="UTF-8"?>
<!-- Generated by org.testng.reporters.JUnitXMLReporter -->
<testsuite ignored="0" hostname="DESKTOP-JKR11RL" failures="0"
	tests="1" name="Test-chrome" time="28.224" errors="0"
	timestamp="2025-05-26T10:41:33 IST">
	<testcase
		classname="com.comcast.crm.contacttest.CreateCOntactWIthStartingAndEndDateTest"
		name="createContactwithDateTest" time="13.396" />
</testsuite> <!-- Test-chrome -->
