<?xml version="1.0" encoding="UTF-8"?>
<!-- Generated by org.testng.reporters.JUnitXMLReporter -->
<testsuite ignored="0" hostname="DESKTOP-JKR11RL" failures="0" tests="1" name="Test-ff" time="34.167" errors="0" timestamp="2025-05-26T10:41:39 IST">
  <testcase classname="com.comcast.crm.contacttest.CreateCOntactWIthStartingAndEndDateTest" name="createContactwithDateTest" time="9.132"/>
</testsuite> <!-- Test-ff -->
