<?xml version="1.0" encoding="UTF-8"?>
<!-- Generated by org.testng.reporters.JUnitReportReporter -->
<testsuite hostname="DESKTOP-JKR11RL" failures="0" tests="1"
	name="com.comcast.crm.orgtest.CreateOrgTest" time="138.003" errors="0"
	timestamp="2025-05-23T12:09:05 IST" skipped="0">
	<testcase classname="com.comcast.crm.orgtest.CreateOrgTest"
		name="createOrgTest" time="138.003" />
	<system-out />
</testsuite> <!-- com.comcast.crm.orgtest.CreateOrgTest -->
