<?xml version="1.0" encoding="UTF-8"?>
<!-- Generated by org.testng.reporters.JUnitReportReporter -->
<testsuite hostname="DESKTOP-JKR11RL" failures="0" tests="1"
	name="com.comcast.crm.contacttest.CreateCOntactWIthStartingAndEndDate"
	time="50.075" errors="0" timestamp="2025-05-23T11:27:02 IST"
	skipped="0">
	<testcase
		classname="com.comcast.crm.contacttest.CreateCOntactWIthStartingAndEndDate"
		name="createContactwithDate" time="50.075" />
	<system-out />
</testsuite> <!-- com.comcast.crm.contacttest.CreateCOntactWIthStartingAndEndDate -->
