<?xml version="1.0" encoding="UTF-8"?>
<!-- Generated by org.testng.reporters.JUnitReportReporter -->
<testsuite hostname="DESKTOP-JKR11RL" failures="0" tests="2" name="ExtentReportPractice.ExtentReportsPractice" time="12.179" errors="0" timestamp="2025-05-30T11:25:44 IST" skipped="0">
  <testcase classname="ExtentReportPractice.ExtentReportsPractice" name="CreateTest2" time="6.291"/>
  <system-out/>
  <testcase classname="ExtentReportPractice.ExtentReportsPractice" name="CreateTest1" time="5.888"/>
  <system-out/>
</testsuite> <!-- ExtentReportPractice.ExtentReportsPractice -->
