<?xml version="1.0" encoding="UTF-8"?>
<!-- Generated by org.testng.reporters.JUnitReportReporter -->
<testsuite hostname="DESKTOP-JKR11RL" failures="0" tests="3" name="com.comcast.crm.contacttest.CreateContactTest" time="52.108" errors="0" timestamp="2025-06-17T13:22:32 IST" skipped="0">
  <testcase classname="com.comcast.crm.contacttest.CreateContactTest" name="createContactTest" time="9.248"/>
  <system-out>
    <![CDATA[verify in createContact]]>
  </system-out>
  <testcase classname="com.comcast.crm.contacttest.CreateContactTest" name="createConatctWithIntigrationTest" time="21.057"/>
  <system-out>
    <![CDATA[verify in createContact with org last name and org name verify ]]>
  </system-out>
  <testcase classname="com.comcast.crm.contacttest.CreateContactTest" name="createContactwithDateTest" time="21.803"/>
  <system-out>
    <![CDATA[2025-07-17
2025-07-17
start date and last date verified]]>
  </system-out>
</testsuite> <!-- com.comcast.crm.contacttest.CreateContactTest -->
