<?xml version="1.0" encoding="UTF-8"?>
<!-- Generated by org.testng.reporters.JUnitReportReporter -->
<testsuite hostname="DESKTOP-JKR11RL" failures="0" tests="1" name="com.comcast.crm.orgtest.CreateOrgwithPhoneNo" time="43.200" errors="0" timestamp="2025-05-23T11:45:21 IST" skipped="0">
  <testcase classname="com.comcast.crm.orgtest.CreateOrgwithPhoneNo" name="createOrgWithPhone" time="43.200"/>
  <system-out/>
</testsuite> <!-- com.comcast.crm.orgtest.CreateOrgwithPhoneNo -->
