<?xml version="1.0" encoding="UTF-8"?>
<!-- Generated by org.testng.reporters.JUnitReportReporter -->
<testsuite hostname="DESKTOP-JKR11RL" failures="0" tests="3"
	name="com.comcast.crm.orgtest.CreateOrganizationTest" time="33.710"
	errors="0" timestamp="2025-06-17T13:33:49 IST" skipped="0">
	<testcase
		classname="com.comcast.crm.orgtest.CreateOrganizationTest"
		name="createOrgWithPhoneTest" time="10.432" />
	<system-out />
	<testcase
		classname="com.comcast.crm.orgtest.CreateOrganizationTest"
		name="createOrgTest" time="11.804" />
	<system-out />
	<testcase
		classname="com.comcast.crm.orgtest.CreateOrganizationTest"
		name="createOrgIndustTest" time="11.474" />
	<system-out />
</testsuite> <!-- com.comcast.crm.orgtest.CreateOrganizationTest -->
