<?xml version="1.0" encoding="UTF-8"?>
<!-- Generated by org.testng.reporters.JUnitReportReporter -->
<testsuite hostname="DESKTOP-JKR11RL" failures="0" tests="1" name="com.comcast.crm.contacttest.CreateContactWithorgNameIntragtion" time="68.134" errors="0" timestamp="2025-05-23T11:27:02 IST" skipped="0">
  <testcase classname="com.comcast.crm.contacttest.CreateContactWithorgNameIntragtion" name="createConatctWithIntigration" time="68.134"/>
  <system-out/>
</testsuite> <!-- com.comcast.crm.contacttest.CreateContactWithorgNameIntragtion -->
